ď»ż
> team@0.1.0 build
> next build

Î“Ă»â–“ Next.js 16.2.2 (Turbopack)
- Environments: .env.local

  Creating an optimized production build ...
Î“ÂŁĂ´ Compiled successfully in 19.5s
  Running TypeScript ...
  Finished TypeScript in 17.9s ...
  Collecting page data using 11 workers ...
  Generating static pages using 11 workers (0/25) ...
  Generating static pages using 11 workers (6/25) 
  Generating static pages using 11 workers (12/25) 
  Generating static pages using 11 workers (18/25) 
Î“ÂŁĂ´ Generating static pages using 11 workers (25/25) in 2.1s
  Finalizing page optimization ...

Route (app)                 Revalidate  Expire
Î“Ă¶Ă® Î“ĂąĂŻ /
Î“Ă¶ÂŁ Î“ĂąĂŻ /_not-found
Î“Ă¶ÂŁ â•žĂ† /api/auth/login
Î“Ă¶ÂŁ â•žĂ† /api/auth/logout
Î“Ă¶ÂŁ â•žĂ† /api/auth/me
Î“Ă¶ÂŁ â•žĂ† /api/auth/password
Î“Ă¶ÂŁ â•žĂ† /api/events
Î“Ă¶ÂŁ â•žĂ† /api/events/[id]
Î“Ă¶ÂŁ â•žĂ† /api/events/public
Î“Ă¶ÂŁ â•žĂ† /api/projects
Î“Ă¶ÂŁ â•žĂ† /api/projects/[id]
Î“Ă¶ÂŁ â•žĂ† /api/projects/public
Î“Ă¶ÂŁ â•žĂ† /api/seed
Î“Ă¶ÂŁ â•žĂ† /api/users
Î“Ă¶ÂŁ â•žĂ† /api/users/[id]
Î“Ă¶ÂŁ â•žĂ† /api/users/public
Î“Ă¶ÂŁ â•žĂ† /api/vault/[projectId]
Î“Ă¶ÂŁ Î“ĂąĂŻ /dashboard
Î“Ă¶ÂŁ Î“ĂąĂŻ /dashboard/events
Î“Ă¶ÂŁ Î“ĂąĂŻ /dashboard/members
Î“Ă¶ÂŁ Î“ĂąĂŻ /dashboard/profile
Î“Ă¶ÂŁ Î“ĂąĂŻ /dashboard/projects
Î“Ă¶ÂŁ Î“ĂąĂŻ /events                         1m      1y
Î“Ă¶ÂŁ Î“ĂąĂŻ /login
Î“Ă¶ÂŁ Î“ĂąĂŻ /projects                       1m      1y
Î“Ă¶ÂŁ Î“ĂąĂŻ /team                           1m      1y
Î“Ă¶Ă¶ Î“ĂąĂŻ /vault


Î“ĂąĂŻ  (Static)   prerendered as static content
â•žĂ†  (Dynamic)  server-rendered on demand

